<?xml version="1.0" encoding="UTF-8"?>
<!-- Generated by org.testng.reporters.JUnitXMLReporter -->
<testsuite ignored="0" hostname="Mahesh-DT" failures="0" tests="2" name="Error Validation Test" time="15.529" errors="0" timestamp="2025-04-25T12:49:20 IST">
  <testcase classname="FrameworkDesign.Tests.ErrorValidationTest" name="LoginPageErrorvalidation" time="1.126"/>
  <testcase classname="FrameworkDesign.Tests.ErrorValidationTest" name="ProductPageErrorvalidation" time="4.001"/>
</testsuite> <!-- Error Validation Test -->
