<?xml version="1.0" encoding="UTF-8"?>
<testng-results ignored="0" total="5" passed="5" failed="0" skipped="0">
  <reporter-output>
  </reporter-output>
  <suite started-at="2025-04-28T12:34:13 IST" name="Suite" finished-at="2025-04-28T12:34:39 IST" duration-ms="26587">
    <groups>
      <group name="Purchase">
        <method signature="SubmitOrderTest.SubmitOrder(java.util.HashMap)[pri:0, instance:FrameworkDesign.Tests.SubmitOrderTest@61710c6]" name="SubmitOrder" class="FrameworkDesign.Tests.SubmitOrderTest"/>
      </group> <!-- Purchase -->
      <group name="errorhandling">
        <method signature="ErrorValidationTest.LoginPageErrorvalidation()[pri:0, instance:FrameworkDesign.Tests.ErrorValidationTest@723e88f9]" name="LoginPageErrorvalidation" class="FrameworkDesign.Tests.ErrorValidationTest"/>
      </group> <!-- errorhandling -->
    </groups>
    <test started-at="2025-04-28T12:34:13 IST" name="Error Validation Test" finished-at="2025-04-28T12:34:27 IST" duration-ms="14376">
      <class name="FrameworkDesign.Tests.ErrorValidationTest">
        <test-method is-config="true" signature="launchApplication()[pri:0, instance:FrameworkDesign.Tests.ErrorValidationTest@723e88f9]" started-at="2025-04-28T12:34:13 IST" name="launchApplication" finished-at="2025-04-28T12:34:15 IST" duration-ms="2334" status="PASS">
          <reporter-output>
          </reporter-output>
        </test-method> <!-- launchApplication -->
        <test-method signature="LoginPageErrorvalidation()[pri:0, instance:FrameworkDesign.Tests.ErrorValidationTest@723e88f9]" started-at="2025-04-28T12:34:15 IST" name="LoginPageErrorvalidation" finished-at="2025-04-28T12:34:18 IST" duration-ms="3293" status="PASS">
          <reporter-output>
          </reporter-output>
        </test-method> <!-- LoginPageErrorvalidation -->
        <test-method is-config="true" signature="tearDown()[pri:0, instance:FrameworkDesign.Tests.ErrorValidationTest@723e88f9]" started-at="2025-04-28T12:34:18 IST" name="tearDown" finished-at="2025-04-28T12:34:19 IST" duration-ms="269" status="PASS">
          <reporter-output>
          </reporter-output>
        </test-method> <!-- tearDown -->
        <test-method is-config="true" signature="launchApplication()[pri:0, instance:FrameworkDesign.Tests.ErrorValidationTest@723e88f9]" started-at="2025-04-28T12:34:19 IST" name="launchApplication" finished-at="2025-04-28T12:34:20 IST" duration-ms="1745" status="PASS">
          <reporter-output>
          </reporter-output>
        </test-method> <!-- launchApplication -->
        <test-method signature="ProductPageErrorvalidation()[pri:0, instance:FrameworkDesign.Tests.ErrorValidationTest@723e88f9]" started-at="2025-04-28T12:34:20 IST" name="ProductPageErrorvalidation" finished-at="2025-04-28T12:34:27 IST" duration-ms="6403" status="PASS">
          <reporter-output>
          </reporter-output>
        </test-method> <!-- ProductPageErrorvalidation -->
        <test-method is-config="true" signature="tearDown()[pri:0, instance:FrameworkDesign.Tests.ErrorValidationTest@723e88f9]" started-at="2025-04-28T12:34:27 IST" name="tearDown" finished-at="2025-04-28T12:34:27 IST" duration-ms="262" status="PASS">
          <reporter-output>
          </reporter-output>
        </test-method> <!-- tearDown -->
      </class> <!-- FrameworkDesign.Tests.ErrorValidationTest -->
    </test> <!-- Error Validation Test -->
    <test started-at="2025-04-28T12:34:13 IST" name="Submit Order Test" finished-at="2025-04-28T12:34:39 IST" duration-ms="26587">
      <class name="FrameworkDesign.Tests.SubmitOrderTest">
        <test-method is-config="true" signature="launchApplication()[pri:0, instance:FrameworkDesign.Tests.SubmitOrderTest@61710c6]" started-at="2025-04-28T12:34:13 IST" name="launchApplication" finished-at="2025-04-28T12:34:18 IST" duration-ms="4853" status="PASS">
          <reporter-output>
          </reporter-output>
        </test-method> <!-- launchApplication -->
        <test-method signature="SubmitOrder(java.util.HashMap)[pri:0, instance:FrameworkDesign.Tests.SubmitOrderTest@61710c6]" started-at="2025-04-28T12:34:18 IST" name="SubmitOrder" data-provider="getData" finished-at="2025-04-28T12:34:23 IST" duration-ms="5293" status="PASS">
          <params>
            <param index="0">
              <value>
                <![CDATA[{password=Pass@1007, product=ADIDAS ORIGINAL, email=Geeta@gmail.com}]]>
              </value>
            </param>
          </params>
          <reporter-output>
          </reporter-output>
        </test-method> <!-- SubmitOrder -->
        <test-method is-config="true" signature="tearDown()[pri:0, instance:FrameworkDesign.Tests.SubmitOrderTest@61710c6]" started-at="2025-04-28T12:34:23 IST" name="tearDown" finished-at="2025-04-28T12:34:23 IST" duration-ms="322" status="PASS">
          <reporter-output>
          </reporter-output>
        </test-method> <!-- tearDown -->
        <test-method is-config="true" signature="launchApplication()[pri:0, instance:FrameworkDesign.Tests.SubmitOrderTest@61710c6]" started-at="2025-04-28T12:34:23 IST" name="launchApplication" finished-at="2025-04-28T12:34:27 IST" duration-ms="3774" status="PASS">
          <reporter-output>
          </reporter-output>
        </test-method> <!-- launchApplication -->
        <test-method signature="SubmitOrder(java.util.HashMap)[pri:0, instance:FrameworkDesign.Tests.SubmitOrderTest@61710c6]" started-at="2025-04-28T12:34:27 IST" name="SubmitOrder" data-provider="getData" finished-at="2025-04-28T12:34:33 IST" duration-ms="6060" status="PASS">
          <params>
            <param index="0">
              <value>
                <![CDATA[{password=Pass@1007, product=IPHONE 13 PRO, email=Kishor@gmail.com}]]>
              </value>
            </param>
          </params>
          <reporter-output>
          </reporter-output>
        </test-method> <!-- SubmitOrder -->
        <test-method is-config="true" signature="tearDown()[pri:0, instance:FrameworkDesign.Tests.SubmitOrderTest@61710c6]" started-at="2025-04-28T12:34:33 IST" name="tearDown" finished-at="2025-04-28T12:34:33 IST" duration-ms="263" status="PASS">
          <reporter-output>
          </reporter-output>
        </test-method> <!-- tearDown -->
        <test-method is-config="true" signature="launchApplication()[pri:0, instance:FrameworkDesign.Tests.SubmitOrderTest@61710c6]" started-at="2025-04-28T12:34:33 IST" name="launchApplication" finished-at="2025-04-28T12:34:38 IST" duration-ms="4832" status="PASS">
          <reporter-output>
          </reporter-output>
        </test-method> <!-- launchApplication -->
        <test-method signature="OrderHistoryTest()[pri:0, instance:FrameworkDesign.Tests.SubmitOrderTest@61710c6]" started-at="2025-04-28T12:34:38 IST" name="OrderHistoryTest" finished-at="2025-04-28T12:34:39 IST" depends-on-methods="FrameworkDesign.Tests.SubmitOrderTest.SubmitOrder" duration-ms="717" status="PASS">
          <reporter-output>
          </reporter-output>
        </test-method> <!-- OrderHistoryTest -->
        <test-method is-config="true" signature="tearDown()[pri:0, instance:FrameworkDesign.Tests.SubmitOrderTest@61710c6]" started-at="2025-04-28T12:34:39 IST" name="tearDown" finished-at="2025-04-28T12:34:39 IST" duration-ms="258" status="PASS">
          <reporter-output>
          </reporter-output>
        </test-method> <!-- tearDown -->
      </class> <!-- FrameworkDesign.Tests.SubmitOrderTest -->
    </test> <!-- Submit Order Test -->
  </suite> <!-- Suite -->
</testng-results>
